<?xml version="1.0" encoding="UTF-8"?>
<!-- Generated by org.testng.reporters.JUnitXMLReporter -->
<testsuite ignored="0" hostname="LAPTOP-755STTQD" failures="0" tests="5" name="Default test" time="0.072" errors="0" timestamp="2025-08-28T23:52:59 IST">
  <testcase classname="base.DriverSetup" name="@BeforeSuite openBrowser" time="-1.756405379687E9">
    <failure type="org.testng.TestNGException" message="
Parameter &amp;apos;browser&amp;apos; is required by BeforeSuite on method openBrowser but has not been marked @Optional or defined
in C:\Users\SAYANTAN MONDAL\AppData\Local\Temp\testng-eclipse--79969919\testng-customsuite.xml">
      <![CDATA[org.testng.TestNGException: 
Parameter 'browser' is required by BeforeSuite on method openBrowser but has not been marked @Optional or defined
in C:\Users\SAYANTAN MONDAL\AppData\Local\Temp\testng-eclipse--79969919\testng-customsuite.xml
at org.testng.internal.Parameters.createParams(Parameters.java:264)
at org.testng.internal.Parameters.createParametersForMethod(Parameters.java:352)
at org.testng.internal.Parameters.createParameters(Parameters.java:690)
at org.testng.internal.Parameters.createConfigurationParameters(Parameters.java:163)
at org.testng.internal.invokers.ConfigInvoker.invokeConfigurations(ConfigInvoker.java:313)
at org.testng.SuiteRunner.privateRun(SuiteRunner.java:358)
at org.testng.SuiteRunner.run(SuiteRunner.java:312)
at org.testng.SuiteRunnerWorker.runSuite(SuiteRunnerWorker.java:52)
at org.testng.SuiteRunnerWorker.run(SuiteRunnerWorker.java:95)
at org.testng.TestNG.runSuitesSequentially(TestNG.java:1274)
at org.testng.TestNG.runSuitesLocally(TestNG.java:1208)
at org.testng.TestNG.runSuites(TestNG.java:1112)
at org.testng.TestNG.run(TestNG.java:1079)
at org.testng.remote.AbstractRemoteTestNG.run(AbstractRemoteTestNG.java:115)
at org.testng.remote.RemoteTestNG.initAndRun(RemoteTestNG.java:293)
at org.testng.remote.RemoteTestNG.main(RemoteTestNG.java:91)
]]>
    </failure>
  </testcase> <!-- @BeforeSuite openBrowser -->
  <testcase classname="tests.HotelTest" name="@BeforeClass Setup" time="0.0">
    <skipped/>
  </testcase> <!-- @BeforeClass Setup -->
  <testcase classname="tests.HotelTest" name="hotelSearchWithFutureDatesTest" time="0.0">
    <skipped/>
  </testcase> <!-- hotelSearchWithFutureDatesTest -->
  <testcase classname="tests.HotelTest" name="hotelFilterApplicationTest" time="0.0">
    <skipped/>
  </testcase> <!-- hotelFilterApplicationTest -->
  <testcase classname="tests.HotelTest" name="hotelDetailPageValidation" time="0.0">
    <skipped/>
  </testcase> <!-- hotelDetailPageValidation -->
  <testcase classname="tests.HotelTest" name="hotelRoomBooking" time="0.0">
    <skipped/>
  </testcase> <!-- hotelRoomBooking -->
  <testcase classname="tests.HotelTest" name="hotelSortResults" time="0.001">
    <skipped/>
  </testcase> <!-- hotelSortResults -->
</testsuite> <!-- Default test -->
